Release 14.6 - xst P.68d (nt64)
Copyright (c) 1995-2013 Xilinx, Inc.  All rights reserved.
--> Parameter TMPDIR set to xst/projnav.tmp


Total REAL time to Xst completion: 0.00 secs
Total CPU time to Xst completion: 0.08 secs
 
--> Parameter xsthdpdir set to xst


Total REAL time to Xst completion: 0.00 secs
Total CPU time to Xst completion: 0.08 secs
 
--> Reading design: top.prj

TABLE OF CONTENTS
  1) Synthesis Options Summary
  2) HDL Parsing
  3) HDL Elaboration
  4) HDL Synthesis
       4.1) HDL Synthesis Report
  5) Advanced HDL Synthesis
       5.1) Advanced HDL Synthesis Report
  6) Low Level Synthesis
  7) Partition Report
  8) Design Summary
       8.1) Primitive and Black Box Usage
       8.2) Device utilization summary
       8.3) Partition Resource Summary
       8.4) Timing Report
            8.4.1) Clock Information
            8.4.2) Asynchronous Control Signals Information
            8.4.3) Timing Summary
            8.4.4) Timing Details
            8.4.5) Cross Clock Domains Report


=========================================================================
*                      Synthesis Options Summary                        *
=========================================================================
---- Source Parameters
Input File Name                    : "top.prj"
Ignore Synthesis Constraint File   : NO

---- Target Parameters
Output File Name                   : "top"
Output Format                      : NGC
Target Device                      : xc6slx45-2-fgg676

---- Source Options
Top Module Name                    : top
Automatic FSM Extraction           : YES
FSM Encoding Algorithm             : Auto
Safe Implementation                : No
FSM Style                          : LUT
RAM Extraction                     : Yes
RAM Style                          : Auto
ROM Extraction                     : Yes
Shift Register Extraction          : YES
ROM Style                          : Auto
Resource Sharing                   : YES
Asynchronous To Synchronous        : NO
Shift Register Minimum Size        : 2
Use DSP Block                      : Auto
Automatic Register Balancing       : No

---- Target Options
LUT Combining                      : Auto
Reduce Control Sets                : Auto
Add IO Buffers                     : YES
Global Maximum Fanout              : 100000
Add Generic Clock Buffer(BUFG)     : 16
Register Duplication               : YES
Optimize Instantiated Primitives   : NO
Use Clock Enable                   : Auto
Use Synchronous Set                : Auto
Use Synchronous Reset              : Auto
Pack IO Registers into IOBs        : Auto
Equivalent register Removal        : YES

---- General Options
Optimization Goal                  : Speed
Optimization Effort                : 1
Power Reduction                    : NO
Keep Hierarchy                     : No
Netlist Hierarchy                  : As_Optimized
RTL Output                         : Yes
Global Optimization                : AllClockNets
Read Cores                         : YES
Write Timing Constraints           : NO
Cross Clock Analysis               : NO
Hierarchy Separator                : /
Bus Delimiter                      : <>
Case Specifier                     : Maintain
Slice Utilization Ratio            : 100
BRAM Utilization Ratio             : 100
DSP48 Utilization Ratio            : 100
Auto BRAM Packing                  : NO
Slice Utilization Ratio Delta      : 5

---- Other Options
Cores Search Directories           : {"../../source/coregen/char_rom"  }

=========================================================================


=========================================================================
*                          HDL Parsing                                  *
=========================================================================
Parsing VHDL file "C:\Temp\RA198\lab2\source\rtl\vhdl\vga_sync.vhd" into library work
Parsing entity <vga_sync>.
Parsing architecture <rtl> of entity <vga_sync>.
Parsing VHDL file "C:\Temp\RA198\lab2\source\coregen\dcm75MHz.vhd" into library work
Parsing entity <dcm75MHz>.
Parsing architecture <xilinx> of entity <dcm75mhz>.
Parsing VHDL file "C:\Temp\RA198\lab2\source\coregen\dcm50MHz.vhd" into library work
Parsing entity <dcm50MHz>.
Parsing architecture <xilinx> of entity <dcm50mhz>.
Parsing VHDL file "C:\Temp\RA198\lab2\source\coregen\dcm25MHz.vhd" into library work
Parsing entity <dcm25MHz>.
Parsing architecture <xilinx> of entity <dcm25mhz>.
Parsing VHDL file "C:\Temp\RA198\lab2\source\coregen\dcm108MHz.vhd" into library work
Parsing entity <dcm108MHz>.
Parsing architecture <xilinx> of entity <dcm108mhz>.
Parsing VHDL file "C:\Temp\RA198\lab2\source\coregen\char_rom\char_rom_def.vhd" into library work
Parsing entity <char_rom_def>.
Parsing architecture <char_rom_def_a> of entity <char_rom_def>.
Parsing VHDL file "C:\Temp\RA198\lab2\source\rtl\vhdl\vga.vhd" into library work
Parsing entity <vga>.
Parsing architecture <rtl> of entity <vga>.
Parsing VHDL file "C:\Temp\RA198\lab2\source\rtl\vhdl\text_mem.vhd" into library work
Parsing entity <text_mem>.
Parsing architecture <arc_text_mem> of entity <text_mem>.
Parsing VHDL file "C:\Temp\RA198\lab2\source\rtl\vhdl\graphics_mem.vhd" into library work
Parsing entity <graphics_mem>.
Parsing architecture <arc_graphics_mem> of entity <graphics_mem>.
Parsing VHDL file "C:\Temp\RA198\lab2\source\rtl\vhdl\char_rom.vhd" into library work
Parsing entity <char_rom>.
Parsing architecture <Behavioral> of entity <char_rom>.
Parsing VHDL file "C:\Temp\RA198\lab2\source\rtl\vhdl\vga_top.vhd" into library work
Parsing entity <vga_top>.
Parsing architecture <rtl> of entity <vga_top>.
Parsing VHDL file "C:\Temp\RA198\lab1\projects\1_basic\src\rtl\reg.vhd" into library work
Parsing entity <reg>.
Parsing architecture <arch_reg> of entity <reg>.
Parsing VHDL file "C:\Temp\RA198\lab2\source\rtl\vhdl\top.vhd" into library work
Parsing entity <top>.
Parsing architecture <rtl> of entity <top>.

=========================================================================
*                            HDL Elaboration                            *
=========================================================================

Elaborating entity <top> (architecture <rtl>) with generics from library <work>.
WARNING:HDLCompiler:1127 - "C:\Temp\RA198\lab2\source\rtl\vhdl\top.vhd" Line 178: Assignment to message_lenght ignored, since the identifier is never used
WARNING:HDLCompiler:1127 - "C:\Temp\RA198\lab2\source\rtl\vhdl\top.vhd" Line 183: Assignment to graphics_lenght ignored, since the identifier is never used
WARNING:HDLCompiler:89 - "C:\Temp\RA198\lab2\source\rtl\vhdl\top.vhd" Line 106: <oddr2> remains a black-box since it has no binding entity.

Elaborating entity <vga_top> (architecture <rtl>) with generics from library <work>.

Elaborating entity <vga> (architecture <rtl>) with generics from library <work>.
WARNING:HDLCompiler:89 - "C:\Temp\RA198\lab2\source\rtl\vhdl\vga.vhd" Line 123: <srl16> remains a black-box since it has no binding entity.

Elaborating entity <vga_sync> (architecture <rtl>) with generics from library <work>.

Elaborating entity <dcm25MHz> (architecture <xilinx>) from library <work>.

Elaborating entity <char_rom> (architecture <Behavioral>) from library <work>.

Elaborating entity <char_rom_def> (architecture <char_rom_def_a>) from library <work>.
INFO:HDLCompiler:679 - "C:\Temp\RA198\lab2\source\rtl\vhdl\char_rom.vhd" Line 77. Case statement is complete. others clause is never selected

Elaborating entity <text_mem> (architecture <arc_text_mem>) with generics from library <work>.

Elaborating entity <graphics_mem> (architecture <arc_graphics_mem>) with generics from library <work>.
WARNING:HDLCompiler:1127 - "C:\Temp\RA198\lab2\source\rtl\vhdl\vga_top.vhd" Line 301: Assignment to grid_size ignored, since the identifier is never used

Elaborating entity <reg> (architecture <arch_reg>) with generics from library <work>.
ERROR:HDLCompiler:579 - "C:\Temp\RA198\lab2\source\rtl\vhdl\top.vhd" Line 408: Mismatch in number of elements assigned in conditional signal assignment
Netlist top(1,6,32)(rtl) remains a blackbox, due to errors in its contents
--> 

Total memory usage is 223060 kilobytes

Number of errors   :    1 (   0 filtered)
Number of warnings :    5 (   0 filtered)
Number of infos    :    0 (   0 filtered)

